[26mei2024 19:25:40.777] [main/INFO] [cpw.mods.modlauncher.Launcher/MODLAUNCHER]: ModLauncher running: args [--username, BlizertWarrior, --version, 1.20.1, --gameDir, E:\idrissmohamed\Modrinth\profiles\Forge VS Fabric is Autisme, --assetsDir, E:\idrissmohamed\Modrinth\meta\assets, --assetIndex, 5, --uuid, aa0de8947d3b4d47b1a563abffb5f8f5, --accessToken, ????????, --clientId, c4502edb-87c6-40cb-b595-64a280cf8906, --xuid, 0, --userType, msa, --versionType, release, --width, 854, --height, 480, --launchTarget, forgeclient, --fml.forgeVersion, 47.1.30, --fml.mcVersion, 1.20.1, --fml.forgeGroup, net.minecraftforge, --fml.mcpVersion, 20230612.114412]
[26mei2024 19:25:40.785] [main/INFO] [cpw.mods.modlauncher.Launcher/MODLAUNCHER]: ModLauncher 10.0.9+10.0.9+main.dcd20f30 starting: java version 17.0.9 by Azul Systems, Inc.; OS Windows 10 arch amd64 version 10.0
[26mei2024 19:25:42.772] [main/INFO] [net.minecraftforge.fml.loading.ImmediateWindowHandler/]: Loading ImmediateWindowProvider fmlearlywindow
[26mei2024 19:25:42.919] [main/INFO] [EARLYDISPLAY/]: Trying GL version 4.6
[26mei2024 19:25:42.989] [main/INFO] [EARLYDISPLAY/]: Requested GL version 4.6 got version 4.6
[26mei2024 19:25:43.134] [main/INFO] [mixin-transmog/]: Mixin Transmogrifier is definitely up to no good...
[26mei2024 19:25:43.178] [main/INFO] [mixin-transmog/]: crimes against java were committed
[26mei2024 19:25:43.216] [main/INFO] [mixin-transmog/]: Original mixin transformation service successfully crobbed by mixin-transmogrifier!
[26mei2024 19:25:43.300] [main/INFO] [mixin/]: SpongePowered MIXIN Subsystem Version=0.8.5 Source=union:/E:/idrissmohamed/Modrinth/profiles/Forge%20VS%20Fabric%20is%20Autisme/mods/Connector-1.0.0-beta.43+1.20.1.jar%23296%23299!/ Service=ModLauncher Env=CLIENT
[26mei2024 19:25:43.306] [pool-2-thread-1/INFO] [EARLYDISPLAY/]: GL info: Intel(R) UHD Graphics 610 GL version 4.6.0 - Build 26.20.100.7642, Intel
[26mei2024 19:25:45.643] [main/WARN] [net.minecraftforge.fml.loading.moddiscovery.ModFileParser/LOADING]: Mod file E:\idrissmohamed\Modrinth\meta\libraries\net\minecraftforge\fmlcore\1.20.1-47.1.30\fmlcore-1.20.1-47.1.30.jar is missing mods.toml file
[26mei2024 19:25:45.653] [main/WARN] [net.minecraftforge.fml.loading.moddiscovery.ModFileParser/LOADING]: Mod file E:\idrissmohamed\Modrinth\meta\libraries\net\minecraftforge\javafmllanguage\1.20.1-47.1.30\javafmllanguage-1.20.1-47.1.30.jar is missing mods.toml file
[26mei2024 19:25:45.664] [main/WARN] [net.minecraftforge.fml.loading.moddiscovery.ModFileParser/LOADING]: Mod file E:\idrissmohamed\Modrinth\meta\libraries\net\minecraftforge\lowcodelanguage\1.20.1-47.1.30\lowcodelanguage-1.20.1-47.1.30.jar is missing mods.toml file
[26mei2024 19:25:45.675] [main/WARN] [net.minecraftforge.fml.loading.moddiscovery.ModFileParser/LOADING]: Mod file E:\idrissmohamed\Modrinth\meta\libraries\net\minecraftforge\mclanguage\1.20.1-47.1.30\mclanguage-1.20.1-47.1.30.jar is missing mods.toml file
[26mei2024 19:25:47.200] [main/WARN] [net.minecraftforge.jarjar.selection.JarSelector/]: Attempted to select two dependency jars from JarJar which have the same identification: Mod File:  and Mod File: . Using Mod File: 
[26mei2024 19:25:47.202] [main/WARN] [net.minecraftforge.jarjar.selection.JarSelector/]: Attempted to select two dependency jars from JarJar which have the same identification: Mod File:  and Mod File: . Using Mod File: 
[26mei2024 19:25:47.205] [main/WARN] [net.minecraftforge.jarjar.selection.JarSelector/]: Attempted to select a dependency jar for JarJar which was passed in as source: cloth_config. Using Mod File: E:\idrissmohamed\Modrinth\profiles\Forge VS Fabric is Autisme\mods\cloth-config-11.1.118-forge.jar
[26mei2024 19:25:47.205] [main/WARN] [net.minecraftforge.jarjar.selection.JarSelector/]: Attempted to select a dependency jar for JarJar which was passed in as source: curios. Using Mod File: E:\idrissmohamed\Modrinth\profiles\Forge VS Fabric is Autisme\mods\curios-forge-5.9.1+1.20.1.jar
[26mei2024 19:25:47.205] [main/WARN] [net.minecraftforge.jarjar.selection.JarSelector/]: Attempted to select a dependency jar for JarJar which was passed in as source: aeroblender. Using Mod File: E:\idrissmohamed\Modrinth\profiles\Forge VS Fabric is Autisme\mods\aeroblender-1.20.1-1.0.1-neoforge.jar
[26mei2024 19:25:47.206] [main/INFO] [net.minecraftforge.fml.loading.moddiscovery.JarInJarDependencyLocator/]: Found 118 dependencies adding them to mods collection
[26mei2024 19:25:52.030] [main/ERROR] [net.minecraftforge.fml.loading.ModSorter/LOADING]: Missing or unsupported mandatory dependencies:
	Mod ID: 'forge', Requested by: 'cccbridge', Expected range: '[47.2.0,)', Actual version: '47.1.30'
[26mei2024 19:25:52.582] [main/INFO] [dev.su5ed.sinytra.connector.service.hacks.ModuleLayerMigrator/]: Successfully made module authlib transformable
[26mei2024 19:25:56.142] [main/INFO] [mixin/]: Compatibility level set to JAVA_17
[26mei2024 19:25:56.893] [main/INFO] [mixin/]: Successfully loaded Mixin Connector [ca.spottedleaf.starlight.mixin.MixinConnector]
[26mei2024 19:25:56.895] [main/ERROR] [dev.su5ed.sinytra.connector.loader.ConnectorEarlyLoader/]: Skipping early mod setup due to previous error
[26mei2024 19:25:56.898] [main/INFO] [cpw.mods.modlauncher.LaunchServiceHandler/MODLAUNCHER]: Launching target 'forgeclient' with arguments [--version, 1.20.1, --gameDir, E:\idrissmohamed\Modrinth\profiles\Forge VS Fabric is Autisme, --assetsDir, E:\idrissmohamed\Modrinth\meta\assets, --uuid, aa0de8947d3b4d47b1a563abffb5f8f5, --username, BlizertWarrior, --assetIndex, 5, --accessToken, ????????, --clientId, c4502edb-87c6-40cb-b595-64a280cf8906, --xuid, 0, --userType, msa, --versionType, release, --width, 854, --height, 480]
[26mei2024 19:25:56.908] [main/WARN] [mixin/]: Reference map 'createdeco-forge-refmap.json' for createdeco.mixins.json could not be read. If this is a development environment you can ignore this message
[26mei2024 19:25:57.104] [main/INFO] [ModernFix/]: Loaded configuration file for ModernFix 5.17.0+mc1.20.1: 78 options available, 12 override(s) found
[26mei2024 19:25:57.105] [main/WARN] [ModernFix/]: Option 'mixin.perf.deduplicate_wall_shapes' overriden (by load error) to 'false'
[26mei2024 19:25:57.105] [main/WARN] [ModernFix/]: Option 'mixin.bugfix.paper_chunk_patches' overriden (by load error) to 'false'
[26mei2024 19:25:57.105] [main/WARN] [ModernFix/]: Option 'mixin.perf.cache_strongholds' overriden (by load error) to 'false'
[26mei2024 19:25:57.105] [main/WARN] [ModernFix/]: Option 'mixin.perf.faster_texture_stitching' overriden (by load error) to 'false'
[26mei2024 19:25:57.106] [main/WARN] [ModernFix/]: Option 'mixin.bugfix.buffer_builder_leak' overriden (by load error) to 'false'
[26mei2024 19:25:57.106] [main/WARN] [ModernFix/]: Option 'mixin.bugfix.entity_pose_stack' overriden (by load error) to 'false'
[26mei2024 19:25:57.106] [main/WARN] [ModernFix/]: Option 'mixin.perf.nbt_memory_usage' overriden (by load error) to 'false'
[26mei2024 19:25:57.106] [main/WARN] [ModernFix/]: Option 'mixin.bugfix.chunk_deadlock' overriden (by load error) to 'false'
[26mei2024 19:25:57.107] [main/WARN] [ModernFix/]: Option 'mixin.perf.thread_priorities' overriden (by load error) to 'false'
[26mei2024 19:25:57.107] [main/WARN] [ModernFix/]: Option 'mixin.launch.class_search_cache' overriden (by load error) to 'false'
[26mei2024 19:25:57.107] [main/WARN] [ModernFix/]: Option 'mixin.perf.datapack_reload_exceptions' overriden (by load error) to 'false'
[26mei2024 19:25:57.107] [main/WARN] [ModernFix/]: Option 'mixin.perf.dynamic_dfu' overriden (by load error) to 'false'
[26mei2024 19:25:57.107] [main/INFO] [ModernFix/]: Applying Nashorn fix
[26mei2024 19:25:57.118] [main/WARN] [ModernFix/]: Applying ATs from 59 mods despite being in errored state, this might cause a crash!
[26mei2024 19:25:57.406] [main/WARN] [ModernFix/]: Disabling plugin 'mixin': org.spongepowered.asm.launch.MixinLaunchPlugin
[26mei2024 19:25:57.449] [main/INFO] [ModernFix/]: Applied Forge config corruption patch
[26mei2024 19:25:57.536] [main/INFO] [Embeddium/]: Loaded configuration file for Embeddium: 44 options available, 0 override(s) found
[26mei2024 19:25:57.539] [main/INFO] [Embeddium-GraphicsAdapterProbe/]: Searching for graphics cards...
[26mei2024 19:25:58.180] [main/INFO] [Embeddium-GraphicsAdapterProbe/]: Found graphics card: GraphicsAdapterInfo[vendor=INTEL, name=Intel(R) UHD Graphics 610, version=DriverVersion=26.20.100.7642]
[26mei2024 19:25:58.180] [main/INFO] [Embeddium-GraphicsAdapterProbe/]: Found graphics card: GraphicsAdapterInfo[vendor=NVIDIA, name=NVIDIA GeForce GTX 1060 6GB, version=DriverVersion=31.0.15.4633]
[26mei2024 19:25:58.186] [main/WARN] [Embeddium-Workarounds/]: Sodium has applied one or more workarounds to prevent crashes or other issues on your system: [NVIDIA_THREADED_OPTIMIZATIONS]
[26mei2024 19:25:58.186] [main/WARN] [Embeddium-Workarounds/]: This is not necessarily an issue, but it may result in certain features or optimizations being disabled. You can sometimes fix these issues by upgrading your graphics driver.
[26mei2024 19:25:58.218] [main/WARN] [mixin/]: Reference map 'createmoredrillheads.refmap.json' for createmoredrillheads.mixins.json could not be read. If this is a development environment you can ignore this message
[26mei2024 19:25:58.223] [main/WARN] [mixin/]: Reference map 'yungsextras.refmap.json' for yungsextras.mixins.json could not be read. If this is a development environment you can ignore this message
[26mei2024 19:25:58.228] [main/WARN] [mixin/]: Reference map 'yungsextras.refmap.json' for yungsextras_forge.mixins.json could not be read. If this is a development environment you can ignore this message
[26mei2024 19:25:58.250] [main/WARN] [mixin/]: Reference map 'nitrogen_internals.refmap.json' for nitrogen_internals.mixins.json could not be read. If this is a development environment you can ignore this message
[26mei2024 19:25:58.517] [main/WARN] [mixin/]: Failed to select mixin config: immediatelyfast-forge.mixins.json
java.lang.NullPointerException: null
	at java.util.Optional.orElseThrow(Unknown Source) ~[?:?]
	at net.raphimc.immediatelyfast.ImmediatelyFast.earlyInit(ImmediatelyFast.java:70) ~[ImmediatelyFast-Forge-1.2.15+1.20.4.jar%23382!/:?]
	at net.raphimc.immediatelyfast.injection.ImmediatelyFastMixinPlugin.onLoad(ImmediatelyFastMixinPlugin.java:39) ~[ImmediatelyFast-Forge-1.2.15+1.20.4.jar%23382!/:?]
	at org.spongepowered.asm.mixin.transformer.PluginHandle.onLoad(PluginHandle.java:119) ~[mixin-0.8.5.jar:0.8.5+Jenkins-b310.git-155314e6e91465dad727e621a569906a410cd6f4]
	at org.spongepowered.asm.mixin.transformer.MixinConfig.onSelect(MixinConfig.java:709) ~[mixin-0.8.5.jar:0.8.5+Jenkins-b310.git-155314e6e91465dad727e621a569906a410cd6f4]
	at org.spongepowered.asm.mixin.transformer.MixinProcessor.selectConfigs(MixinProcessor.java:498) ~[mixin-0.8.5.jar:0.8.5+Jenkins-b310.git-155314e6e91465dad727e621a569906a410cd6f4]
	at org.spongepowered.asm.mixin.transformer.MixinProcessor.select(MixinProcessor.java:460) ~[mixin-0.8.5.jar:0.8.5+Jenkins-b310.git-155314e6e91465dad727e621a569906a410cd6f4]
	at org.spongepowered.asm.mixin.transformer.MixinProcessor.checkSelect(MixinProcessor.java:438) ~[mixin-0.8.5.jar:0.8.5+Jenkins-b310.git-155314e6e91465dad727e621a569906a410cd6f4]
	at org.spongepowered.asm.mixin.transformer.MixinProcessor.applyMixins(MixinProcessor.java:290) ~[mixin-0.8.5.jar:0.8.5+Jenkins-b310.git-155314e6e91465dad727e621a569906a410cd6f4]
	at org.spongepowered.asm.mixin.transformer.MixinTransformer.transformClass(MixinTransformer.java:250) ~[mixin-0.8.5.jar:0.8.5+Jenkins-b310.git-155314e6e91465dad727e621a569906a410cd6f4]
	at org.spongepowered.asm.service.modlauncher.MixinTransformationHandler.processClass(MixinTransformationHandler.java:131) ~[mixin-0.8.5.jar:0.8.5+Jenkins-b310.git-155314e6e91465dad727e621a569906a410cd6f4]
	at org.spongepowered.asm.launch.MixinLaunchPluginLegacy.processClass(MixinLaunchPluginLegacy.java:131) ~[mixin-0.8.5.jar:0.8.5+Jenkins-b310.git-155314e6e91465dad727e621a569906a410cd6f4]
	at cpw.mods.modlauncher.serviceapi.ILaunchPluginService.processClassWithFlags(ILaunchPluginService.java:156) ~[modlauncher-10.0.9.jar:10.0.9+10.0.9+main.dcd20f30]
	at cpw.mods.modlauncher.LaunchPluginHandler.offerClassNodeToPlugins(LaunchPluginHandler.java:88) ~[modlauncher-10.0.9.jar:?]
	at cpw.mods.modlauncher.ClassTransformer.transform(ClassTransformer.java:120) ~[modlauncher-10.0.9.jar:?]
	at cpw.mods.modlauncher.TransformingClassLoader.maybeTransformClassBytes(TransformingClassLoader.java:50) ~[modlauncher-10.0.9.jar:?]
	at cpw.mods.cl.ModuleClassLoader.readerToClass(ModuleClassLoader.java:113) ~[securejarhandler-2.1.10.jar:?]
	at cpw.mods.cl.ModuleClassLoader.lambda$findClass$15(ModuleClassLoader.java:219) ~[securejarhandler-2.1.10.jar:?]
	at cpw.mods.cl.ModuleClassLoader.loadFromModule(ModuleClassLoader.java:229) ~[securejarhandler-2.1.10.jar:?]
	at cpw.mods.cl.ModuleClassLoader.findClass(ModuleClassLoader.java:219) ~[securejarhandler-2.1.10.jar:?]
	at cpw.mods.cl.ModuleClassLoader.loadClass(ModuleClassLoader.java:135) ~[securejarhandler-2.1.10.jar:?]
	at java.lang.ClassLoader.loadClass(Unknown Source) ~[?:?]
	at java.lang.Class.forName0(Native Method) ~[?:?]
	at java.lang.Class.forName(Unknown Source) ~[?:?]
	at dev.su5ed.sinytra.connector.service.ConnectorLoaderService$1.lambda$updateModuleReads$0(ConnectorLoaderService.java:65) ~[Connector-1.0.0-beta.43+1.20.1.jar%23296!/:1.0.0-beta.43+1.20.1]
	at cpw.mods.modlauncher.api.LamdbaExceptionUtils.uncheck(LamdbaExceptionUtils.java:95) ~[modlauncher-10.0.9.jar%2394!/:10.0.9+10.0.9+main.dcd20f30]
	at dev.su5ed.sinytra.connector.service.ConnectorLoaderService$1.updateModuleReads(ConnectorLoaderService.java:65) ~[Connector-1.0.0-beta.43+1.20.1.jar%23296!/:1.0.0-beta.43+1.20.1]
	at net.minecraftforge.fml.loading.ImmediateWindowHandler.acceptGameLayer(ImmediateWindowHandler.java:71) ~[fmlloader-1.20.1-47.1.30.jar:1.0]
	at net.minecraftforge.fml.loading.FMLLoader.beforeStart(FMLLoader.java:207) ~[fmlloader-1.20.1-47.1.30.jar:1.0]
	at net.minecraftforge.fml.loading.targets.CommonLaunchHandler.launchService(CommonLaunchHandler.java:92) ~[fmlloader-1.20.1-47.1.30.jar:?]
	at cpw.mods.modlauncher.LaunchServiceHandlerDecorator.launch(LaunchServiceHandlerDecorator.java:30) ~[modlauncher-10.0.9.jar:?]
	at cpw.mods.modlauncher.LaunchServiceHandler.launch(LaunchServiceHandler.java:53) ~[modlauncher-10.0.9.jar:?]
	at cpw.mods.modlauncher.LaunchServiceHandler.launch(LaunchServiceHandler.java:71) ~[modlauncher-10.0.9.jar:?]
	at cpw.mods.modlauncher.Launcher.run(Launcher.java:108) ~[modlauncher-10.0.9.jar:?]
	at cpw.mods.modlauncher.Launcher.main(Launcher.java:78) ~[modlauncher-10.0.9.jar:?]
	at cpw.mods.modlauncher.BootstrapLaunchConsumer.accept(BootstrapLaunchConsumer.java:26) ~[modlauncher-10.0.9.jar:?]
	at cpw.mods.modlauncher.BootstrapLaunchConsumer.accept(BootstrapLaunchConsumer.java:23) ~[modlauncher-10.0.9.jar:?]
	at cpw.mods.bootstraplauncher.BootstrapLauncher.main(BootstrapLauncher.java:141) ~[bootstraplauncher-1.1.2.jar:?]
[26mei2024 19:25:58.589] [main/INFO] [Embeddium Extra/]: Loaded configuration file for Sodium Extra: 35 options available, 0 override(s) found
[26mei2024 19:25:58.778] [main/WARN] [mixin/]: Reference map 'interiors-forge-refmap.json' for interiors.mixins.json could not be read. If this is a development environment you can ignore this message
[26mei2024 19:25:58.808] [main/WARN] [mixin/]: Reference map 'CreateUnbreakableTools-forge-refmap.json' for create_unbreakable.mixins.json could not be read. If this is a development environment you can ignore this message
[26mei2024 19:25:58.818] [main/WARN] [mixin/]: Reference map 'create_mechanical_spawner.refmap.json' for create_mechanical_spawner.mixins.json could not be read. If this is a development environment you can ignore this message
[26mei2024 19:25:58.847] [main/WARN] [mixin/]: Reference map 'CreateLiquidFuel.refmap.json' for createliquidfuel.mixins.json could not be read. If this is a development environment you can ignore this message
[26mei2024 19:25:58.871] [main/WARN] [mixin/]: Reference map 'monolib.refmap.json' for monolib.mixins.json could not be read. If this is a development environment you can ignore this message
[26mei2024 19:25:58.874] [main/WARN] [mixin/]: Reference map 'monolib.refmap.json' for monolib.forge.mixins.json could not be read. If this is a development environment you can ignore this message
[26mei2024 19:25:58.948] [main/WARN] [mixin/]: Reference map 'bigcontraptions-forge-refmap.json' for bigcontraptions.mixins.json could not be read. If this is a development environment you can ignore this message
[26mei2024 19:26:00.114] [main/WARN] [mixin/]: Error loading class: dev/latvian/mods/kubejs/recipe/RecipesEventJS (java.lang.ClassNotFoundException: dev.latvian.mods.kubejs.recipe.RecipesEventJS)
[26mei2024 19:26:00.114] [main/WARN] [mixin/]: @Mixin target dev.latvian.mods.kubejs.recipe.RecipesEventJS was not found sliceanddice.mixins.json:RecipeEventJSMixin from mod (unknown)
[26mei2024 19:26:01.255] [main/WARN] [mixin/]: Error loading class: rbasamoyai/createbigcannons/cannon_control/contraption/PitchOrientedContraptionEntity (java.lang.ClassNotFoundException: rbasamoyai.createbigcannons.cannon_control.contraption.PitchOrientedContraptionEntity)
[26mei2024 19:26:01.352] [main/WARN] [mixin/]: Error loading class: com/sonicether/soundphysics/SoundPhysics (java.lang.ClassNotFoundException: com.sonicether.soundphysics.SoundPhysics)
[26mei2024 19:26:01.368] [main/WARN] [mixin/]: Error loading class: blusunrize/immersiveengineering/common/gui/BlockEntityInventory (java.lang.ClassNotFoundException: blusunrize.immersiveengineering.common.gui.BlockEntityInventory)
[26mei2024 19:26:01.373] [main/WARN] [mixin/]: Error loading class: net/dries007/tfc/world/TFCChunkGenerator (java.lang.ClassNotFoundException: net.dries007.tfc.world.TFCChunkGenerator)
[26mei2024 19:26:01.377] [main/WARN] [mixin/]: Error loading class: cofh/core/block/entity/TileCoFH (java.lang.ClassNotFoundException: cofh.core.block.entity.TileCoFH)
[26mei2024 19:26:01.382] [main/WARN] [mixin/]: Error loading class: li/cil/tis3d/common/entity/InfraredPacketEntity (java.lang.ClassNotFoundException: li.cil.tis3d.common.entity.InfraredPacketEntity)
[26mei2024 19:26:01.387] [main/WARN] [mixin/]: Error loading class: me/desht/modularrouters/container/RouterMenu (java.lang.ClassNotFoundException: me.desht.modularrouters.container.RouterMenu)
[26mei2024 19:26:01.403] [main/WARN] [mixin/]: Error loading class: li/cil/tis3d/client/renderer/block/entity/CasingBlockEntityRenderer (java.lang.ClassNotFoundException: li.cil.tis3d.client.renderer.block.entity.CasingBlockEntityRenderer)
[26mei2024 19:26:01.409] [main/WARN] [mixin/]: Error loading class: li/cil/tis3d/client/renderer/RenderContextImpl (java.lang.ClassNotFoundException: li.cil.tis3d.client.renderer.RenderContextImpl)
[26mei2024 19:26:02.178] [main/WARN] [mixin/]: Error loading class: me/jellysquid/mods/lithium/common/ai/pathing/PathNodeDefaults (java.lang.ClassNotFoundException: me.jellysquid.mods.lithium.common.ai.pathing.PathNodeDefaults)
[26mei2024 19:26:02.349] [main/WARN] [mixin/]: Error loading class: com/firemerald/additionalplacements/common/ConfigCommon (java.lang.ClassNotFoundException: com.firemerald.additionalplacements.common.ConfigCommon)
[26mei2024 19:26:02.352] [main/WARN] [mixin/]: Error loading class: com/firemerald/additionalplacements/block/AdditionalPlacementBlock (java.lang.ClassNotFoundException: com.firemerald.additionalplacements.block.AdditionalPlacementBlock)
[26mei2024 19:26:02.352] [main/WARN] [mixin/]: @Mixin target com.firemerald.additionalplacements.block.AdditionalPlacementBlock was not found copycats-common.mixins.json:compat.additionalplacements.PlacementBlockMixin from mod (unknown)
[26mei2024 19:26:02.360] [main/WARN] [mixin/]: Error loading class: me/jellysquid/mods/lithium/common/ai/pathing/PathNodeDefaults (java.lang.ClassNotFoundException: me.jellysquid.mods.lithium.common.ai.pathing.PathNodeDefaults)
[26mei2024 19:26:02.375] [main/WARN] [mixin/]: Error loading class: cjminecraft/doubleslabs/common/config/DSConfig$Common (java.lang.ClassNotFoundException: cjminecraft.doubleslabs.common.config.DSConfig$Common)
[26mei2024 19:26:02.962] [main/WARN] [mixin/]: Error loading class: rbasamoyai/createbigcannons/crafting/boring/AbstractCannonDrillBlockEntity (java.lang.ClassNotFoundException: rbasamoyai.createbigcannons.crafting.boring.AbstractCannonDrillBlockEntity)
[26mei2024 19:26:03.051] [main/WARN] [mixin/]: Error loading class: com/sammy/minersdelight/content/block/copper_pot/CopperPotBlockEntity (java.lang.ClassNotFoundException: com.sammy.minersdelight.content.block.copper_pot.CopperPotBlockEntity)
[26mei2024 19:26:03.051] [main/WARN] [mixin/]: @Mixin target com.sammy.minersdelight.content.block.copper_pot.CopperPotBlockEntity was not found create_central_kitchen.mixins.json:common.minersdelight.CopperPotBlockEntityMixin from mod (unknown)
[26mei2024 19:26:03.055] [main/WARN] [mixin/]: Error loading class: com/sammy/minersdelight/content/block/sticky_basket/StickyBasketBlockEntity (java.lang.ClassNotFoundException: com.sammy.minersdelight.content.block.sticky_basket.StickyBasketBlockEntity)
[26mei2024 19:26:03.055] [main/WARN] [mixin/]: @Mixin target com.sammy.minersdelight.content.block.sticky_basket.StickyBasketBlockEntity was not found create_central_kitchen.mixins.json:common.minersdelight.StickyBasketBlockEntityAccessor from mod (unknown)
[26mei2024 19:26:03.062] [main/WARN] [mixin/]: Error loading class: com/sammy/minersdelight/content/block/sticky_basket/StickyBasketBlockEntity (java.lang.ClassNotFoundException: com.sammy.minersdelight.content.block.sticky_basket.StickyBasketBlockEntity)
[26mei2024 19:26:03.062] [main/WARN] [mixin/]: @Mixin target com.sammy.minersdelight.content.block.sticky_basket.StickyBasketBlockEntity was not found create_central_kitchen.mixins.json:common.minersdelight.StickyBasketBlockEntityMixin from mod (unknown)
[26mei2024 19:26:03.067] [main/WARN] [mixin/]: Error loading class: net/orcinus/overweightfarming/blocks/CropFullBlock (java.lang.ClassNotFoundException: net.orcinus.overweightfarming.blocks.CropFullBlock)
[26mei2024 19:26:03.067] [main/WARN] [mixin/]: @Mixin target net.orcinus.overweightfarming.blocks.CropFullBlock was not found create_central_kitchen.mixins.json:common.overweightfarming.CropFullBlockMixin from mod (unknown)
[26mei2024 19:26:03.128] [main/INFO] [memoryleakfix/]: [MemoryLeakFix] Will be applying 3 memory leak fixes!
[26mei2024 19:26:03.128] [main/INFO] [memoryleakfix/]: [MemoryLeakFix] Currently enabled memory leak fixes: [targetEntityLeak, biomeTemperatureLeak, hugeScreenshotLeak]
[26mei2024 19:26:03.215] [main/ERROR] [Embeddium/]: Could not find embeddium mod, there is likely a dependency error. Skipping mixin application.
[26mei2024 19:26:03.554] [main/WARN] [mixin/]: Error loading class: com/firemerald/additionalplacements/block/AdditionalPlacementBlock (java.lang.ClassNotFoundException: com.firemerald.additionalplacements.block.AdditionalPlacementBlock)
[26mei2024 19:26:03.561] [main/WARN] [mixin/]: Error loading class: com/firemerald/additionalplacements/block/AdditionalPlacementBlock (java.lang.ClassNotFoundException: com.firemerald.additionalplacements.block.AdditionalPlacementBlock)
[26mei2024 19:26:03.584] [main/WARN] [mixin/]: Error loading class: org/jetbrains/annotations/ApiStatus$Internal (java.lang.ClassNotFoundException: org.jetbrains.annotations.ApiStatus$Internal)
[26mei2024 19:26:09.221] [Datafixer Bootstrap/INFO] [com.mojang.datafixers.DataFixerBuilder/]: 188 Datafixer optimizations took 496 milliseconds
[26mei2024 19:26:11.671] [Render thread/WARN] [net.minecraft.server.packs.VanillaPackResourcesBuilder/]: Assets URL 'union:/E:/idrissmohamed/Modrinth/meta/libraries/net/minecraft/client/1.20.1-20230612.114412/client-1.20.1-20230612.114412-srg.jar%23440!/assets/.mcassetsroot' uses unexpected schema
[26mei2024 19:26:11.671] [Render thread/WARN] [net.minecraft.server.packs.VanillaPackResourcesBuilder/]: Assets URL 'union:/E:/idrissmohamed/Modrinth/meta/libraries/net/minecraft/client/1.20.1-20230612.114412/client-1.20.1-20230612.114412-srg.jar%23440!/data/.mcassetsroot' uses unexpected schema
[26mei2024 19:26:11.701] [Render thread/INFO] [com.mojang.authlib.yggdrasil.YggdrasilAuthenticationService/]: Environment: authHost='https://authserver.mojang.com', accountsHost='https://api.mojang.com', sessionHost='https://sessionserver.mojang.com', servicesHost='https://api.minecraftservices.com', name='PROD'
[26mei2024 19:26:12.812] [Render thread/INFO] [net.minecraft.client.Minecraft/]: Setting user: BlizertWarrior
[26mei2024 19:26:12.954] [Render thread/INFO] [net.minecraft.client.Minecraft/]: Backend library: LWJGL version 3.3.1 build 7
[26mei2024 19:26:13.253] [Render thread/FATAL] [net.minecraftforge.fml.ModLoader/CORE]: Error during pre-loading phase
net.minecraftforge.fml.ModLoadingException: Mod §ecccbridge§r requires §6forge§r §o47.2.0 or above§r
§7Currently, §6forge§r§7 is §o47.1.30
	at net.minecraftforge.fml.ModLoadingException.lambda$fromEarlyException$0(ModLoadingException.java:50) ~[fmlcore-1.20.1-47.1.30.jar%23441!/:?]
	at java.util.stream.ReferencePipeline$3$1.accept(Unknown Source) ~[?:?]
	at java.util.AbstractList$RandomAccessSpliterator.forEachRemaining(Unknown Source) ~[?:?]
	at java.util.stream.AbstractPipeline.copyInto(Unknown Source) ~[?:?]
	at java.util.stream.AbstractPipeline.wrapAndCopyInto(Unknown Source) ~[?:?]
	at java.util.stream.ForEachOps$ForEachOp.evaluateSequential(Unknown Source) ~[?:?]
	at java.util.stream.ForEachOps$ForEachOp$OfRef.evaluateSequential(Unknown Source) ~[?:?]
	at java.util.stream.AbstractPipeline.evaluate(Unknown Source) ~[?:?]
	at java.util.stream.ReferencePipeline.forEach(Unknown Source) ~[?:?]
	at java.util.stream.ReferencePipeline$7$1.accept(Unknown Source) ~[?:?]
	at java.util.ArrayList$ArrayListSpliterator.forEachRemaining(Unknown Source) ~[?:?]
	at java.util.stream.AbstractPipeline.copyInto(Unknown Source) ~[?:?]
	at java.util.stream.AbstractPipeline.wrapAndCopyInto(Unknown Source) ~[?:?]
	at java.util.stream.ReduceOps$ReduceOp.evaluateSequential(Unknown Source) ~[?:?]
	at java.util.stream.AbstractPipeline.evaluate(Unknown Source) ~[?:?]
	at java.util.stream.ReferencePipeline.collect(Unknown Source) ~[?:?]
	at net.minecraftforge.fml.ModLoader.<init>(ModLoader.java:96) ~[fmlcore-1.20.1-47.1.30.jar%23441!/:?]
	at net.minecraftforge.fml.ModLoader.get(ModLoader.java:128) ~[fmlcore-1.20.1-47.1.30.jar%23441!/:?]
	at net.minecraftforge.client.loading.ClientModLoader.lambda$begin$1(ClientModLoader.java:73) ~[forge-1.20.1-47.1.30-universal.jar%23445!/:?]
	at net.minecraftforge.client.loading.ClientModLoader.lambda$createRunnableWithCatch$4(ClientModLoader.java:93) ~[forge-1.20.1-47.1.30-universal.jar%23445!/:?]
	at net.minecraftforge.client.loading.ClientModLoader.begin(ClientModLoader.java:73) ~[forge-1.20.1-47.1.30-universal.jar%23445!/:?]
	at net.minecraft.client.Minecraft.<init>(Minecraft.java:459) ~[client-1.20.1-20230612.114412-srg.jar%23440!/:?]
	at net.minecraft.client.main.Main.main(Main.java:182) ~[1.20.1-1.20.1-47.1.30.jar:?]
	at jdk.internal.reflect.NativeMethodAccessorImpl.invoke0(Native Method) ~[?:?]
	at jdk.internal.reflect.NativeMethodAccessorImpl.invoke(Unknown Source) ~[?:?]
	at jdk.internal.reflect.DelegatingMethodAccessorImpl.invoke(Unknown Source) ~[?:?]
	at java.lang.reflect.Method.invoke(Unknown Source) ~[?:?]
	at net.minecraftforge.fml.loading.targets.CommonLaunchHandler.runTarget(CommonLaunchHandler.java:111) ~[fmlloader-1.20.1-47.1.30.jar:?]
	at net.minecraftforge.fml.loading.targets.CommonLaunchHandler.clientService(CommonLaunchHandler.java:99) ~[fmlloader-1.20.1-47.1.30.jar:?]
	at net.minecraftforge.fml.loading.targets.CommonClientLaunchHandler.lambda$makeService$0(CommonClientLaunchHandler.java:25) ~[fmlloader-1.20.1-47.1.30.jar:?]
	at cpw.mods.modlauncher.LaunchServiceHandlerDecorator.launch(LaunchServiceHandlerDecorator.java:30) ~[modlauncher-10.0.9.jar:?]
	at cpw.mods.modlauncher.LaunchServiceHandler.launch(LaunchServiceHandler.java:53) ~[modlauncher-10.0.9.jar:?]
	at cpw.mods.modlauncher.LaunchServiceHandler.launch(LaunchServiceHandler.java:71) ~[modlauncher-10.0.9.jar:?]
	at cpw.mods.modlauncher.Launcher.run(Launcher.java:108) ~[modlauncher-10.0.9.jar:?]
	at cpw.mods.modlauncher.Launcher.main(Launcher.java:78) ~[modlauncher-10.0.9.jar:?]
	at cpw.mods.modlauncher.BootstrapLaunchConsumer.accept(BootstrapLaunchConsumer.java:26) ~[modlauncher-10.0.9.jar:?]
	at cpw.mods.modlauncher.BootstrapLaunchConsumer.accept(BootstrapLaunchConsumer.java:23) ~[modlauncher-10.0.9.jar:?]
	at cpw.mods.bootstraplauncher.BootstrapLauncher.main(BootstrapLauncher.java:141) ~[bootstraplauncher-1.1.2.jar:?]
[26mei2024 19:26:13.349] [Render thread/WARN] [net.minecraft.client.Options/]: Removed resource pack mod_resources from options because it doesn't seem to exist anymore
[26mei2024 19:26:14.610] [Render thread/ERROR] [net.minecraftforge.fml.ModLoader/]: Cowardly refusing to send event net.minecraftforge.client.event.sound.SoundEngineLoadEvent to a broken mod state
[26mei2024 19:26:14.786] [Render thread/ERROR] [net.minecraftforge.fml.ModLoader/]: Cowardly refusing to send event net.minecraftforge.client.event.RegisterColorHandlersEvent$Block to a broken mod state
[26mei2024 19:26:14.792] [Render thread/ERROR] [net.minecraftforge.fml.ModLoader/]: Cowardly refusing to send event net.minecraftforge.client.event.RegisterColorHandlersEvent$Item to a broken mod state
[26mei2024 19:26:15.019] [Render thread/ERROR] [net.minecraftforge.fml.ModLoader/]: Cowardly refusing to send event net.minecraftforge.client.event.RenderLevelStageEvent$RegisterStageEvent to a broken mod state
[26mei2024 19:26:15.136] [Render thread/ERROR] [net.minecraftforge.fml.ModLoader/]: Cowardly refusing to send event net.minecraftforge.client.event.RegisterParticleProvidersEvent to a broken mod state
[26mei2024 19:26:15.229] [Render thread/ERROR] [net.minecraftforge.fml.ModLoader/]: Cowardly refusing to send event net.minecraftforge.client.event.RegisterClientReloadListenersEvent to a broken mod state
[26mei2024 19:26:15.229] [Render thread/ERROR] [net.minecraftforge.fml.ModLoader/]: Cowardly refusing to send event net.minecraftforge.client.event.EntityRenderersEvent$RegisterLayerDefinitions to a broken mod state
[26mei2024 19:26:15.229] [Render thread/ERROR] [net.minecraftforge.fml.ModLoader/]: Cowardly refusing to send event net.minecraftforge.client.event.EntityRenderersEvent$RegisterRenderers to a broken mod state
[26mei2024 19:26:15.231] [Render thread/ERROR] [net.minecraftforge.fml.ModLoader/]: Cowardly refusing to send event net.minecraftforge.client.event.RegisterTextureAtlasSpriteLoadersEvent to a broken mod state
[26mei2024 19:26:15.233] [Render thread/ERROR] [net.minecraftforge.fml.ModLoader/]: Cowardly refusing to send event net.minecraftforge.client.event.RegisterClientTooltipComponentFactoriesEvent to a broken mod state
[26mei2024 19:26:15.234] [Render thread/ERROR] [net.minecraftforge.fml.ModLoader/]: Cowardly refusing to send event net.minecraftforge.client.event.RegisterEntitySpectatorShadersEvent to a broken mod state
[26mei2024 19:26:15.235] [Render thread/ERROR] [net.minecraftforge.fml.ModLoader/]: Cowardly refusing to send event net.minecraftforge.client.event.RegisterKeyMappingsEvent to a broken mod state
[26mei2024 19:26:15.238] [Render thread/ERROR] [net.minecraftforge.fml.ModLoader/]: Cowardly refusing to send event net.minecraftforge.client.event.RegisterRecipeBookCategoriesEvent to a broken mod state
[26mei2024 19:26:15.249] [Render thread/ERROR] [net.minecraftforge.fml.ModLoader/]: Cowardly refusing to send event net.minecraftforge.client.event.RegisterGuiOverlaysEvent to a broken mod state
[26mei2024 19:26:15.255] [Render thread/ERROR] [net.minecraftforge.fml.ModLoader/]: Cowardly refusing to send event net.minecraftforge.client.event.RegisterDimensionSpecialEffectsEvent to a broken mod state
[26mei2024 19:26:15.259] [Render thread/ERROR] [net.minecraftforge.fml.ModLoader/]: Cowardly refusing to send event net.minecraftforge.client.event.RegisterNamedRenderTypesEvent to a broken mod state
[26mei2024 19:26:15.261] [Render thread/ERROR] [net.minecraftforge.fml.ModLoader/]: Cowardly refusing to send event net.minecraftforge.client.event.RegisterColorHandlersEvent$ColorResolvers to a broken mod state
[26mei2024 19:26:15.263] [Render thread/ERROR] [net.minecraftforge.fml.ModLoader/]: Cowardly refusing to send event net.minecraftforge.client.event.RegisterItemDecorationsEvent to a broken mod state
[26mei2024 19:26:15.272] [Render thread/ERROR] [net.minecraftforge.fml.ModLoader/]: Cowardly refusing to send event net.minecraftforge.client.event.RegisterPresetEditorsEvent to a broken mod state
[26mei2024 19:26:15.564] [Render thread/INFO] [net.minecraft.server.packs.resources.ReloadableResourceManager/]: Reloading ResourceManager: vanilla
[26mei2024 19:26:15.625] [Render thread/ERROR] [net.minecraftforge.fml.ModLoader/]: Cowardly refusing to send event net.minecraftforge.client.event.ModelEvent$RegisterGeometryLoaders to a broken mod state
[26mei2024 19:26:15.907] [Worker-Main-2/INFO] [net.minecraft.client.gui.font.providers.UnihexProvider/]: Found unifont_all_no_pua-15.0.06.hex, loading
[26mei2024 19:26:18.043] [Worker-Main-3/ERROR] [net.minecraftforge.fml.ModLoader/]: Cowardly refusing to send event net.minecraftforge.client.event.ModelEvent$RegisterAdditional to a broken mod state
[26mei2024 19:26:18.983] [Worker-Main-3/ERROR] [net.minecraftforge.fml.ModLoader/]: Cowardly refusing to send event net.minecraftforge.client.event.ModelEvent$ModifyBakingResult to a broken mod state
[26mei2024 19:26:19.179] [Render thread/WARN] [net.minecraft.client.sounds.SoundEngine/]: Missing sound for event: minecraft:item.goat_horn.play
[26mei2024 19:26:19.180] [Render thread/WARN] [net.minecraft.client.sounds.SoundEngine/]: Missing sound for event: minecraft:entity.goat.screaming.horn_break
[26mei2024 19:26:19.231] [Render thread/INFO] [com.mojang.blaze3d.audio.Library/]: OpenAL initialized on device OpenAL Soft on SyncMaster (Son Intel(R) pour écrans)
[26mei2024 19:26:19.233] [Render thread/INFO] [net.minecraft.client.sounds.SoundEngine/SOUNDS]: Sound engine started
[26mei2024 19:26:19.233] [Render thread/ERROR] [net.minecraftforge.fml.ModLoader/]: Cowardly refusing to send event net.minecraftforge.client.event.sound.SoundEngineLoadEvent to a broken mod state
[26mei2024 19:26:19.426] [Render thread/INFO] [net.minecraft.client.renderer.texture.TextureAtlas/]: Created: 1024x512x4 minecraft:textures/atlas/blocks.png-atlas
[26mei2024 19:26:19.560] [Render thread/ERROR] [net.minecraftforge.fml.ModLoader/]: Cowardly refusing to send event net.minecraftforge.client.event.TextureStitchEvent$Post to a broken mod state
[26mei2024 19:26:19.561] [Render thread/INFO] [net.minecraft.client.renderer.texture.TextureAtlas/]: Created: 256x256x4 minecraft:textures/atlas/signs.png-atlas
[26mei2024 19:26:19.563] [Render thread/ERROR] [net.minecraftforge.fml.ModLoader/]: Cowardly refusing to send event net.minecraftforge.client.event.TextureStitchEvent$Post to a broken mod state
[26mei2024 19:26:19.564] [Render thread/INFO] [net.minecraft.client.renderer.texture.TextureAtlas/]: Created: 512x512x4 minecraft:textures/atlas/banner_patterns.png-atlas
[26mei2024 19:26:19.570] [Render thread/ERROR] [net.minecraftforge.fml.ModLoader/]: Cowardly refusing to send event net.minecraftforge.client.event.TextureStitchEvent$Post to a broken mod state
[26mei2024 19:26:19.570] [Render thread/INFO] [net.minecraft.client.renderer.texture.TextureAtlas/]: Created: 512x512x4 minecraft:textures/atlas/shield_patterns.png-atlas
[26mei2024 19:26:19.576] [Render thread/ERROR] [net.minecraftforge.fml.ModLoader/]: Cowardly refusing to send event net.minecraftforge.client.event.TextureStitchEvent$Post to a broken mod state
[26mei2024 19:26:19.577] [Render thread/INFO] [net.minecraft.client.renderer.texture.TextureAtlas/]: Created: 1024x1024x4 minecraft:textures/atlas/armor_trims.png-atlas
[26mei2024 19:26:19.627] [Render thread/ERROR] [net.minecraftforge.fml.ModLoader/]: Cowardly refusing to send event net.minecraftforge.client.event.TextureStitchEvent$Post to a broken mod state
[26mei2024 19:26:19.627] [Render thread/INFO] [net.minecraft.client.renderer.texture.TextureAtlas/]: Created: 256x256x4 minecraft:textures/atlas/chest.png-atlas
[26mei2024 19:26:19.629] [Render thread/ERROR] [net.minecraftforge.fml.ModLoader/]: Cowardly refusing to send event net.minecraftforge.client.event.TextureStitchEvent$Post to a broken mod state
[26mei2024 19:26:19.629] [Render thread/INFO] [net.minecraft.client.renderer.texture.TextureAtlas/]: Created: 128x64x4 minecraft:textures/atlas/decorated_pot.png-atlas
[26mei2024 19:26:19.632] [Render thread/ERROR] [net.minecraftforge.fml.ModLoader/]: Cowardly refusing to send event net.minecraftforge.client.event.TextureStitchEvent$Post to a broken mod state
[26mei2024 19:26:19.633] [Render thread/INFO] [net.minecraft.client.renderer.texture.TextureAtlas/]: Created: 512x256x4 minecraft:textures/atlas/beds.png-atlas
[26mei2024 19:26:19.636] [Render thread/ERROR] [net.minecraftforge.fml.ModLoader/]: Cowardly refusing to send event net.minecraftforge.client.event.TextureStitchEvent$Post to a broken mod state
[26mei2024 19:26:19.637] [Render thread/INFO] [net.minecraft.client.renderer.texture.TextureAtlas/]: Created: 512x256x4 minecraft:textures/atlas/shulker_boxes.png-atlas
[26mei2024 19:26:19.640] [Render thread/ERROR] [net.minecraftforge.fml.ModLoader/]: Cowardly refusing to send event net.minecraftforge.client.event.TextureStitchEvent$Post to a broken mod state
[26mei2024 19:26:19.641] [Render thread/ERROR] [net.minecraftforge.fml.ModLoader/]: Cowardly refusing to send event net.minecraftforge.client.event.ModelEvent$BakingCompleted to a broken mod state
[26mei2024 19:26:19.811] [Render thread/ERROR] [net.minecraftforge.fml.ModLoader/]: Cowardly refusing to send event net.minecraftforge.client.event.EntityRenderersEvent$CreateSkullModels to a broken mod state
[26mei2024 19:26:19.812] [Render thread/ERROR] [net.minecraftforge.fml.ModLoader/]: Cowardly refusing to send event net.minecraftforge.client.event.EntityRenderersEvent$CreateSkullModels to a broken mod state
[26mei2024 19:26:20.053] [Render thread/ERROR] [net.minecraftforge.fml.ModLoader/]: Cowardly refusing to send event net.minecraftforge.client.event.EntityRenderersEvent$CreateSkullModels to a broken mod state
[26mei2024 19:26:20.061] [Render thread/ERROR] [net.minecraftforge.fml.ModLoader/]: Cowardly refusing to send event net.minecraftforge.client.event.EntityRenderersEvent$CreateSkullModels to a broken mod state
[26mei2024 19:26:20.062] [Render thread/ERROR] [net.minecraftforge.fml.ModLoader/]: Cowardly refusing to send event net.minecraftforge.client.event.EntityRenderersEvent$CreateSkullModels to a broken mod state
[26mei2024 19:26:20.066] [Render thread/ERROR] [net.minecraftforge.fml.ModLoader/]: Cowardly refusing to send event net.minecraftforge.client.event.EntityRenderersEvent$CreateSkullModels to a broken mod state
[26mei2024 19:26:20.072] [Render thread/ERROR] [net.minecraftforge.fml.ModLoader/]: Cowardly refusing to send event net.minecraftforge.client.event.EntityRenderersEvent$CreateSkullModels to a broken mod state
[26mei2024 19:26:20.076] [Render thread/ERROR] [net.minecraftforge.fml.ModLoader/]: Cowardly refusing to send event net.minecraftforge.client.event.EntityRenderersEvent$CreateSkullModels to a broken mod state
[26mei2024 19:26:20.078] [Render thread/ERROR] [net.minecraftforge.fml.ModLoader/]: Cowardly refusing to send event net.minecraftforge.client.event.EntityRenderersEvent$CreateSkullModels to a broken mod state
[26mei2024 19:26:20.080] [Render thread/ERROR] [net.minecraftforge.fml.ModLoader/]: Cowardly refusing to send event net.minecraftforge.client.event.EntityRenderersEvent$CreateSkullModels to a broken mod state
[26mei2024 19:26:20.081] [Render thread/ERROR] [net.minecraftforge.fml.ModLoader/]: Cowardly refusing to send event net.minecraftforge.client.event.EntityRenderersEvent$CreateSkullModels to a broken mod state
[26mei2024 19:26:20.081] [Render thread/ERROR] [net.minecraftforge.fml.ModLoader/]: Cowardly refusing to send event net.minecraftforge.client.event.EntityRenderersEvent$CreateSkullModels to a broken mod state
[26mei2024 19:26:20.082] [Render thread/ERROR] [net.minecraftforge.fml.ModLoader/]: Cowardly refusing to send event net.minecraftforge.client.event.EntityRenderersEvent$CreateSkullModels to a broken mod state
[26mei2024 19:26:20.084] [Render thread/ERROR] [net.minecraftforge.fml.ModLoader/]: Cowardly refusing to send event net.minecraftforge.client.event.EntityRenderersEvent$CreateSkullModels to a broken mod state
[26mei2024 19:26:20.088] [Render thread/ERROR] [net.minecraftforge.fml.ModLoader/]: Cowardly refusing to send event net.minecraftforge.client.event.EntityRenderersEvent$CreateSkullModels to a broken mod state
[26mei2024 19:26:20.093] [Render thread/ERROR] [net.minecraftforge.fml.ModLoader/]: Cowardly refusing to send event net.minecraftforge.client.event.EntityRenderersEvent$CreateSkullModels to a broken mod state
[26mei2024 19:26:20.097] [Render thread/ERROR] [net.minecraftforge.fml.ModLoader/]: Cowardly refusing to send event net.minecraftforge.client.event.EntityRenderersEvent$CreateSkullModels to a broken mod state
[26mei2024 19:26:20.097] [Render thread/ERROR] [net.minecraftforge.fml.ModLoader/]: Cowardly refusing to send event net.minecraftforge.client.event.EntityRenderersEvent$CreateSkullModels to a broken mod state
[26mei2024 19:26:20.099] [Render thread/ERROR] [net.minecraftforge.fml.ModLoader/]: Cowardly refusing to send event net.minecraftforge.client.event.EntityRenderersEvent$CreateSkullModels to a broken mod state
[26mei2024 19:26:20.123] [Render thread/ERROR] [net.minecraftforge.fml.ModLoader/]: Cowardly refusing to send event net.minecraftforge.client.event.EntityRenderersEvent$CreateSkullModels to a broken mod state
[26mei2024 19:26:20.125] [Render thread/ERROR] [net.minecraftforge.fml.ModLoader/]: Cowardly refusing to send event net.minecraftforge.client.event.EntityRenderersEvent$CreateSkullModels to a broken mod state
[26mei2024 19:26:20.125] [Render thread/ERROR] [net.minecraftforge.fml.ModLoader/]: Cowardly refusing to send event net.minecraftforge.client.event.EntityRenderersEvent$AddLayers to a broken mod state
[26mei2024 19:26:20.593] [Render thread/WARN] [net.minecraft.client.renderer.ShaderInstance/]: Shader rendertype_entity_translucent_emissive could not find sampler named Sampler2 in the specified shader program.
[26mei2024 19:26:21.090] [Render thread/ERROR] [net.minecraftforge.fml.ModLoader/]: Cowardly refusing to send event net.minecraftforge.client.event.RegisterShadersEvent to a broken mod state
[26mei2024 19:26:21.169] [Render thread/INFO] [net.minecraft.client.renderer.texture.TextureAtlas/]: Created: 256x256x0 minecraft:textures/atlas/particles.png-atlas
[26mei2024 19:26:21.185] [Render thread/ERROR] [net.minecraftforge.fml.ModLoader/]: Cowardly refusing to send event net.minecraftforge.client.event.TextureStitchEvent$Post to a broken mod state
[26mei2024 19:26:21.186] [Render thread/INFO] [net.minecraft.client.renderer.texture.TextureAtlas/]: Created: 256x256x0 minecraft:textures/atlas/paintings.png-atlas
[26mei2024 19:26:21.189] [Render thread/ERROR] [net.minecraftforge.fml.ModLoader/]: Cowardly refusing to send event net.minecraftforge.client.event.TextureStitchEvent$Post to a broken mod state
[26mei2024 19:26:21.190] [Render thread/INFO] [net.minecraft.client.renderer.texture.TextureAtlas/]: Created: 128x128x0 minecraft:textures/atlas/mob_effects.png-atlas
[26mei2024 19:26:21.192] [Render thread/ERROR] [net.minecraftforge.fml.ModLoader/]: Cowardly refusing to send event net.minecraftforge.client.event.TextureStitchEvent$Post to a broken mod state
[26mei2024 19:26:21.559] [Render thread/FATAL] [net.minecraftforge.client.loading.ClientModLoader/]: Crash report saved to E:\idrissmohamed\Modrinth\profiles\Forge VS Fabric is Autisme\crash-reports\crash-2024-05-26_19.26.21-fml.txt
[26mei2024 19:26:38.405] [Render thread/INFO] [net.minecraft.client.Minecraft/]: Stopping!
